<?xml version="1.0" encoding="UTF-8"?>
<!-- Generated by org.testng.reporters.JUnitReportReporter -->
<testsuite skipped="0" hostname="ATMECSINDT-080" name="com.atmecs.ninja.testscripts.MerchandisePage" tests="3" failures="0" timestamp="08 Nov 2019 14:21:27 GMT" time="25.761" errors="0">
  <testcase name="setup" time="13.149" classname="com.atmecs.ninja.testscripts.MerchandisePage"/>
  <testcase name="login" time="10.723" classname="com.atmecs.ninja.testscripts.MerchandisePage"/>
  <testcase name="merchandiseOrderPage" time="1.889" classname="com.atmecs.ninja.testscripts.MerchandisePage"/>
</testsuite> <!-- com.atmecs.ninja.testscripts.MerchandisePage -->
