<?xml version="1.0" encoding="UTF-8"?>
<!-- Generated by org.testng.reporters.JUnitReportReporter -->
<testsuite skipped="0" hostname="ATMECSINDT-080" name="com.atmecs.ninja.testscripts.BuyProduct" tests="5" failures="0" timestamp="08 Nov 2019 14:59:26 GMT" time="36.259" errors="0">
  <testcase name="setup" time="3.605" classname="com.atmecs.ninja.testscripts.BuyProduct"/>
  <testcase name="login" time="23.077" classname="com.atmecs.ninja.testscripts.BuyProduct"/>
  <testcase name="merchandiseOrderPage" time="5.830" classname="com.atmecs.ninja.testscripts.BuyProduct"/>
  <testcase name="clickCartAndViewDetails" time="2.214" classname="com.atmecs.ninja.testscripts.BuyProduct"/>
  <testcase name="clickProduct" time="1.533" classname="com.atmecs.ninja.testscripts.BuyProduct"/>
</testsuite> <!-- com.atmecs.ninja.testscripts.BuyProduct -->
